00:19:15.903 [main]            INFO  com.vims.hello.Application - Starting Application v0.1.0 on AELAP4MDKJ12 with PID 692 (C:\Vimal\ExcelDownload\target\gs-spring-boot-0.1.0.jar started by vnatarajan in C:\Vimal\ExcelDownload)
00:19:15.912 [main]            INFO  com.vims.hello.Application - No active profile set, falling back to default profiles: default
00:19:16.065 [main]            INFO  o.s.b.c.e.AnnotationConfigEmbeddedWebApplicationContext - Refreshing org.springframework.boot.context.embedded.AnnotationConfigEmbeddedWebApplicationContext@4661b00b: startup date [Mon Jun 06 00:19:16 BST 2016]; root of context hierarchy
00:19:19.250 [main]            INFO  o.s.b.c.e.t.TomcatEmbeddedServletContainer - Tomcat initialized with port(s): 8080 (http)
00:19:19.287 [main]            INFO  o.a.catalina.core.StandardService - Starting service Tomcat
00:19:19.292 [main]            INFO  o.a.catalina.core.StandardEngine - Starting Servlet Engine: Apache Tomcat/8.0.33
00:19:19.520 [localhost-startStop-1] INFO  o.a.c.c.C.[Tomcat].[localhost].[/] - Initializing Spring embedded WebApplicationContext
00:19:19.522 [localhost-startStop-1] INFO  o.s.web.context.ContextLoader - Root WebApplicationContext: initialization completed in 3457 ms
00:19:20.197 [localhost-startStop-1] INFO  o.s.b.c.e.ServletRegistrationBean - Mapping servlet: 'dispatcherServlet' to [/]
00:19:20.209 [localhost-startStop-1] INFO  o.s.b.c.e.FilterRegistrationBean - Mapping filter: 'characterEncodingFilter' to: [/*]
00:19:20.212 [localhost-startStop-1] INFO  o.s.b.c.e.FilterRegistrationBean - Mapping filter: 'hiddenHttpMethodFilter' to: [/*]
00:19:20.213 [localhost-startStop-1] INFO  o.s.b.c.e.FilterRegistrationBean - Mapping filter: 'httpPutFormContentFilter' to: [/*]
00:19:20.215 [localhost-startStop-1] INFO  o.s.b.c.e.FilterRegistrationBean - Mapping filter: 'requestContextFilter' to: [/*]
00:19:20.826 [main]            INFO  o.s.w.s.m.m.a.RequestMappingHandlerAdapter - Looking for @ControllerAdvice: org.springframework.boot.context.embedded.AnnotationConfigEmbeddedWebApplicationContext@4661b00b: startup date [Mon Jun 06 00:19:16 BST 2016]; root of context hierarchy
00:19:21.012 [main]            INFO  o.s.w.s.m.m.a.RequestMappingHandlerMapping - Mapped "{[/error]}" onto public org.springframework.http.ResponseEntity<java.util.Map<java.lang.String, java.lang.Object>> org.springframework.boot.autoconfigure.web.BasicErrorController.error(javax.servlet.http.HttpServletRequest)
00:19:21.015 [main]            INFO  o.s.w.s.m.m.a.RequestMappingHandlerMapping - Mapped "{[/error],produces=[text/html]}" onto public org.springframework.web.servlet.ModelAndView org.springframework.boot.autoconfigure.web.BasicErrorController.errorHtml(javax.servlet.http.HttpServletRequest,javax.servlet.http.HttpServletResponse)
00:19:21.073 [main]            INFO  o.s.w.s.h.SimpleUrlHandlerMapping - Mapped URL path [/webjars/**] onto handler of type [class org.springframework.web.servlet.resource.ResourceHttpRequestHandler]
00:19:21.073 [main]            INFO  o.s.w.s.h.SimpleUrlHandlerMapping - Mapped URL path [/**] onto handler of type [class org.springframework.web.servlet.resource.ResourceHttpRequestHandler]
00:19:21.184 [main]            INFO  o.s.w.s.h.SimpleUrlHandlerMapping - Mapped URL path [/**/favicon.ico] onto handler of type [class org.springframework.web.servlet.resource.ResourceHttpRequestHandler]
00:19:21.388 [main]            INFO  o.s.j.e.a.AnnotationMBeanExporter - Registering beans for JMX exposure on startup
00:19:21.662 [main]            INFO  o.s.b.c.e.t.TomcatEmbeddedServletContainer - Tomcat started on port(s): 8080 (http)
00:19:21.670 [main]            INFO  com.vims.hello.Application - Started Application in 6.546 seconds (JVM running for 7.627)
00:20:35.923 [http-nio-8080-exec-1] INFO  o.a.c.c.C.[Tomcat].[localhost].[/] - Initializing Spring FrameworkServlet 'dispatcherServlet'
00:20:35.925 [http-nio-8080-exec-1] INFO  o.s.web.servlet.DispatcherServlet - FrameworkServlet 'dispatcherServlet': initialization started
00:20:35.957 [http-nio-8080-exec-1] INFO  o.s.web.servlet.DispatcherServlet - FrameworkServlet 'dispatcherServlet': initialization completed in 32 ms
00:36:47.633 [Thread-3]        INFO  o.s.b.c.e.AnnotationConfigEmbeddedWebApplicationContext - Closing org.springframework.boot.context.embedded.AnnotationConfigEmbeddedWebApplicationContext@4661b00b: startup date [Mon Jun 06 00:19:16 BST 2016]; root of context hierarchy
00:36:47.642 [Thread-3]        INFO  o.s.j.e.a.AnnotationMBeanExporter - Unregistering JMX-exposed beans on shutdown
00:37:04.871 [main]            INFO  com.vims.hello.Application - Starting Application v0.1.0 on AELAP4MDKJ12 with PID 8652 (C:\Vimal\ExcelDownload\target\gs-spring-boot-0.1.0.jar started by vnatarajan in C:\Vimal\ExcelDownload)
00:37:04.890 [main]            INFO  com.vims.hello.Application - No active profile set, falling back to default profiles: default
00:37:04.996 [main]            INFO  o.s.b.c.e.AnnotationConfigEmbeddedWebApplicationContext - Refreshing org.springframework.boot.context.embedded.AnnotationConfigEmbeddedWebApplicationContext@42e5d726: startup date [Mon Jun 06 00:37:04 BST 2016]; root of context hierarchy
00:37:07.612 [main]            INFO  o.s.b.c.e.t.TomcatEmbeddedServletContainer - Tomcat initialized with port(s): 8080 (http)
00:37:07.641 [main]            INFO  o.a.catalina.core.StandardService - Starting service Tomcat
00:37:07.646 [main]            INFO  o.a.catalina.core.StandardEngine - Starting Servlet Engine: Apache Tomcat/8.0.33
00:37:07.813 [localhost-startStop-1] INFO  o.a.c.c.C.[Tomcat].[localhost].[/] - Initializing Spring embedded WebApplicationContext
00:37:07.815 [localhost-startStop-1] INFO  o.s.web.context.ContextLoader - Root WebApplicationContext: initialization completed in 2819 ms
00:37:08.335 [localhost-startStop-1] INFO  o.s.b.c.e.ServletRegistrationBean - Mapping servlet: 'dispatcherServlet' to [/]
00:37:08.347 [localhost-startStop-1] INFO  o.s.b.c.e.FilterRegistrationBean - Mapping filter: 'characterEncodingFilter' to: [/*]
00:37:08.349 [localhost-startStop-1] INFO  o.s.b.c.e.FilterRegistrationBean - Mapping filter: 'hiddenHttpMethodFilter' to: [/*]
00:37:08.350 [localhost-startStop-1] INFO  o.s.b.c.e.FilterRegistrationBean - Mapping filter: 'httpPutFormContentFilter' to: [/*]
00:37:08.352 [localhost-startStop-1] INFO  o.s.b.c.e.FilterRegistrationBean - Mapping filter: 'requestContextFilter' to: [/*]
00:37:08.977 [main]            INFO  o.s.w.s.m.m.a.RequestMappingHandlerAdapter - Looking for @ControllerAdvice: org.springframework.boot.context.embedded.AnnotationConfigEmbeddedWebApplicationContext@42e5d726: startup date [Mon Jun 06 00:37:04 BST 2016]; root of context hierarchy
00:37:09.119 [main]            INFO  o.s.w.s.m.m.a.RequestMappingHandlerMapping - Mapped "{[/error]}" onto public org.springframework.http.ResponseEntity<java.util.Map<java.lang.String, java.lang.Object>> org.springframework.boot.autoconfigure.web.BasicErrorController.error(javax.servlet.http.HttpServletRequest)
00:37:09.124 [main]            INFO  o.s.w.s.m.m.a.RequestMappingHandlerMapping - Mapped "{[/error],produces=[text/html]}" onto public org.springframework.web.servlet.ModelAndView org.springframework.boot.autoconfigure.web.BasicErrorController.errorHtml(javax.servlet.http.HttpServletRequest,javax.servlet.http.HttpServletResponse)
00:37:09.169 [main]            INFO  o.s.w.s.h.SimpleUrlHandlerMapping - Mapped URL path [/webjars/**] onto handler of type [class org.springframework.web.servlet.resource.ResourceHttpRequestHandler]
00:37:09.171 [main]            INFO  o.s.w.s.h.SimpleUrlHandlerMapping - Mapped URL path [/**] onto handler of type [class org.springframework.web.servlet.resource.ResourceHttpRequestHandler]
00:37:09.243 [main]            INFO  o.s.w.s.h.SimpleUrlHandlerMapping - Mapped URL path [/**/favicon.ico] onto handler of type [class org.springframework.web.servlet.resource.ResourceHttpRequestHandler]
00:37:09.393 [main]            INFO  o.s.j.e.a.AnnotationMBeanExporter - Registering beans for JMX exposure on startup
00:37:09.535 [main]            INFO  o.s.b.c.e.t.TomcatEmbeddedServletContainer - Tomcat started on port(s): 8080 (http)
00:37:09.543 [main]            INFO  com.vims.hello.Application - Started Application in 5.366 seconds (JVM running for 6.498)
00:37:25.982 [http-nio-8080-exec-1] INFO  o.a.c.c.C.[Tomcat].[localhost].[/] - Initializing Spring FrameworkServlet 'dispatcherServlet'
00:37:25.983 [http-nio-8080-exec-1] INFO  o.s.web.servlet.DispatcherServlet - FrameworkServlet 'dispatcherServlet': initialization started
00:37:26.014 [http-nio-8080-exec-1] INFO  o.s.web.servlet.DispatcherServlet - FrameworkServlet 'dispatcherServlet': initialization completed in 29 ms
00:39:50.692 [Thread-3]        INFO  o.s.b.c.e.AnnotationConfigEmbeddedWebApplicationContext - Closing org.springframework.boot.context.embedded.AnnotationConfigEmbeddedWebApplicationContext@42e5d726: startup date [Mon Jun 06 00:37:04 BST 2016]; root of context hierarchy
00:39:50.703 [Thread-3]        INFO  o.s.j.e.a.AnnotationMBeanExporter - Unregistering JMX-exposed beans on shutdown
00:41:33.038 [main]            INFO  com.vims.hello.Application - Starting Application v0.1.0 on AELAP4MDKJ12 with PID 9504 (C:\Vimal\ExcelDownload\target\gs-spring-boot-0.1.0.jar started by vnatarajan in C:\Vimal\ExcelDownload)
00:41:33.045 [main]            INFO  com.vims.hello.Application - No active profile set, falling back to default profiles: default
00:41:33.194 [main]            INFO  o.s.b.c.e.AnnotationConfigEmbeddedWebApplicationContext - Refreshing org.springframework.boot.context.embedded.AnnotationConfigEmbeddedWebApplicationContext@28b0b898: startup date [Mon Jun 06 00:41:33 BST 2016]; root of context hierarchy
00:41:35.762 [main]            INFO  o.s.b.c.e.t.TomcatEmbeddedServletContainer - Tomcat initialized with port(s): 8080 (http)
00:41:35.785 [main]            INFO  o.a.catalina.core.StandardService - Starting service Tomcat
00:41:35.789 [main]            INFO  o.a.catalina.core.StandardEngine - Starting Servlet Engine: Apache Tomcat/8.0.33
00:41:35.979 [localhost-startStop-1] INFO  o.a.c.c.C.[Tomcat].[localhost].[/] - Initializing Spring embedded WebApplicationContext
00:41:35.980 [localhost-startStop-1] INFO  o.s.web.context.ContextLoader - Root WebApplicationContext: initialization completed in 2786 ms
00:41:36.494 [localhost-startStop-1] INFO  o.s.b.c.e.ServletRegistrationBean - Mapping servlet: 'dispatcherServlet' to [/]
00:41:36.506 [localhost-startStop-1] INFO  o.s.b.c.e.FilterRegistrationBean - Mapping filter: 'characterEncodingFilter' to: [/*]
00:41:36.508 [localhost-startStop-1] INFO  o.s.b.c.e.FilterRegistrationBean - Mapping filter: 'hiddenHttpMethodFilter' to: [/*]
00:41:36.509 [localhost-startStop-1] INFO  o.s.b.c.e.FilterRegistrationBean - Mapping filter: 'httpPutFormContentFilter' to: [/*]
00:41:36.511 [localhost-startStop-1] INFO  o.s.b.c.e.FilterRegistrationBean - Mapping filter: 'requestContextFilter' to: [/*]
00:41:36.980 [main]            INFO  o.s.w.s.m.m.a.RequestMappingHandlerAdapter - Looking for @ControllerAdvice: org.springframework.boot.context.embedded.AnnotationConfigEmbeddedWebApplicationContext@28b0b898: startup date [Mon Jun 06 00:41:33 BST 2016]; root of context hierarchy
00:41:37.112 [main]            INFO  o.s.w.s.m.m.a.RequestMappingHandlerMapping - Mapped "{[/],methods=[GET],produces=[text/plain]}" onto public java.lang.String com.vims.hello.Hellocontroller.index()
00:41:37.115 [main]            INFO  o.s.w.s.m.m.a.RequestMappingHandlerMapping - Mapped "{[/hello],methods=[GET],produces=[text/plain]}" onto public java.lang.String com.vims.hello.Hellocontroller.downloadExcel()
00:41:37.120 [main]            INFO  o.s.w.s.m.m.a.RequestMappingHandlerMapping - Mapped "{[/error]}" onto public org.springframework.http.ResponseEntity<java.util.Map<java.lang.String, java.lang.Object>> org.springframework.boot.autoconfigure.web.BasicErrorController.error(javax.servlet.http.HttpServletRequest)
00:41:37.123 [main]            INFO  o.s.w.s.m.m.a.RequestMappingHandlerMapping - Mapped "{[/error],produces=[text/html]}" onto public org.springframework.web.servlet.ModelAndView org.springframework.boot.autoconfigure.web.BasicErrorController.errorHtml(javax.servlet.http.HttpServletRequest,javax.servlet.http.HttpServletResponse)
00:41:37.173 [main]            INFO  o.s.w.s.h.SimpleUrlHandlerMapping - Mapped URL path [/webjars/**] onto handler of type [class org.springframework.web.servlet.resource.ResourceHttpRequestHandler]
00:41:37.175 [main]            INFO  o.s.w.s.h.SimpleUrlHandlerMapping - Mapped URL path [/**] onto handler of type [class org.springframework.web.servlet.resource.ResourceHttpRequestHandler]
00:41:37.231 [main]            INFO  o.s.w.s.h.SimpleUrlHandlerMapping - Mapped URL path [/**/favicon.ico] onto handler of type [class org.springframework.web.servlet.resource.ResourceHttpRequestHandler]
00:41:37.378 [main]            INFO  o.s.j.e.a.AnnotationMBeanExporter - Registering beans for JMX exposure on startup
00:41:37.520 [main]            INFO  o.s.b.c.e.t.TomcatEmbeddedServletContainer - Tomcat started on port(s): 8080 (http)
00:41:37.529 [main]            INFO  com.vims.hello.Application - Started Application in 5.197 seconds (JVM running for 6.339)
00:41:44.551 [http-nio-8080-exec-1] INFO  o.a.c.c.C.[Tomcat].[localhost].[/] - Initializing Spring FrameworkServlet 'dispatcherServlet'
00:41:44.551 [http-nio-8080-exec-1] INFO  o.s.web.servlet.DispatcherServlet - FrameworkServlet 'dispatcherServlet': initialization started
00:41:44.582 [http-nio-8080-exec-1] INFO  o.s.web.servlet.DispatcherServlet - FrameworkServlet 'dispatcherServlet': initialization completed in 31 ms
00:42:27.838 [Thread-3]        INFO  o.s.b.c.e.AnnotationConfigEmbeddedWebApplicationContext - Closing org.springframework.boot.context.embedded.AnnotationConfigEmbeddedWebApplicationContext@28b0b898: startup date [Mon Jun 06 00:41:33 BST 2016]; root of context hierarchy
00:42:27.845 [Thread-3]        INFO  o.s.j.e.a.AnnotationMBeanExporter - Unregistering JMX-exposed beans on shutdown
00:42:39.906 [main]            INFO  com.vims.hello.Application - Starting Application v0.1.0 on AELAP4MDKJ12 with PID 4612 (C:\Vimal\ExcelDownload\target\gs-spring-boot-0.1.0.jar started by vnatarajan in C:\Vimal\ExcelDownload)
00:42:39.914 [main]            INFO  com.vims.hello.Application - No active profile set, falling back to default profiles: default
00:42:40.035 [main]            INFO  o.s.b.c.e.AnnotationConfigEmbeddedWebApplicationContext - Refreshing org.springframework.boot.context.embedded.AnnotationConfigEmbeddedWebApplicationContext@6bc24df: startup date [Mon Jun 06 00:42:40 BST 2016]; root of context hierarchy
00:42:42.556 [main]            INFO  o.s.b.c.e.t.TomcatEmbeddedServletContainer - Tomcat initialized with port(s): 8080 (http)
00:42:42.580 [main]            INFO  o.a.catalina.core.StandardService - Starting service Tomcat
00:42:42.584 [main]            INFO  o.a.catalina.core.StandardEngine - Starting Servlet Engine: Apache Tomcat/8.0.33
00:42:42.772 [localhost-startStop-1] INFO  o.a.c.c.C.[Tomcat].[localhost].[/] - Initializing Spring embedded WebApplicationContext
00:42:42.774 [localhost-startStop-1] INFO  o.s.web.context.ContextLoader - Root WebApplicationContext: initialization completed in 2740 ms
00:42:43.310 [localhost-startStop-1] INFO  o.s.b.c.e.ServletRegistrationBean - Mapping servlet: 'dispatcherServlet' to [/]
00:42:43.321 [localhost-startStop-1] INFO  o.s.b.c.e.FilterRegistrationBean - Mapping filter: 'characterEncodingFilter' to: [/*]
00:42:43.323 [localhost-startStop-1] INFO  o.s.b.c.e.FilterRegistrationBean - Mapping filter: 'hiddenHttpMethodFilter' to: [/*]
00:42:43.324 [localhost-startStop-1] INFO  o.s.b.c.e.FilterRegistrationBean - Mapping filter: 'httpPutFormContentFilter' to: [/*]
00:42:43.327 [localhost-startStop-1] INFO  o.s.b.c.e.FilterRegistrationBean - Mapping filter: 'requestContextFilter' to: [/*]
00:42:43.813 [main]            INFO  o.s.w.s.m.m.a.RequestMappingHandlerAdapter - Looking for @ControllerAdvice: org.springframework.boot.context.embedded.AnnotationConfigEmbeddedWebApplicationContext@6bc24df: startup date [Mon Jun 06 00:42:40 BST 2016]; root of context hierarchy
00:42:43.942 [main]            INFO  o.s.w.s.m.m.a.RequestMappingHandlerMapping - Mapped "{[/],methods=[GET],produces=[text/plain]}" onto public java.lang.String com.vims.hello.Hellocontroller.index()
00:42:43.945 [main]            INFO  o.s.w.s.m.m.a.RequestMappingHandlerMapping - Mapped "{[/hello],methods=[GET],produces=[text/plain]}" onto public java.lang.String com.vims.hello.Hellocontroller.downloadExcel()
00:42:43.949 [main]            INFO  o.s.w.s.m.m.a.RequestMappingHandlerMapping - Mapped "{[/error]}" onto public org.springframework.http.ResponseEntity<java.util.Map<java.lang.String, java.lang.Object>> org.springframework.boot.autoconfigure.web.BasicErrorController.error(javax.servlet.http.HttpServletRequest)
00:42:43.953 [main]            INFO  o.s.w.s.m.m.a.RequestMappingHandlerMapping - Mapped "{[/error],produces=[text/html]}" onto public org.springframework.web.servlet.ModelAndView org.springframework.boot.autoconfigure.web.BasicErrorController.errorHtml(javax.servlet.http.HttpServletRequest,javax.servlet.http.HttpServletResponse)
00:42:44.001 [main]            INFO  o.s.w.s.h.SimpleUrlHandlerMapping - Mapped URL path [/webjars/**] onto handler of type [class org.springframework.web.servlet.resource.ResourceHttpRequestHandler]
00:42:44.002 [main]            INFO  o.s.w.s.h.SimpleUrlHandlerMapping - Mapped URL path [/**] onto handler of type [class org.springframework.web.servlet.resource.ResourceHttpRequestHandler]
00:42:44.064 [main]            INFO  o.s.w.s.h.SimpleUrlHandlerMapping - Mapped URL path [/**/favicon.ico] onto handler of type [class org.springframework.web.servlet.resource.ResourceHttpRequestHandler]
00:42:44.231 [main]            INFO  o.s.j.e.a.AnnotationMBeanExporter - Registering beans for JMX exposure on startup
00:42:44.451 [main]            INFO  o.s.b.c.e.t.TomcatEmbeddedServletContainer - Tomcat started on port(s): 8080 (http)
00:42:44.462 [main]            INFO  com.vims.hello.Application - Started Application in 5.303 seconds (JVM running for 6.361)
00:42:49.110 [http-nio-8080-exec-1] INFO  o.a.c.c.C.[Tomcat].[localhost].[/] - Initializing Spring FrameworkServlet 'dispatcherServlet'
00:42:49.111 [http-nio-8080-exec-1] INFO  o.s.web.servlet.DispatcherServlet - FrameworkServlet 'dispatcherServlet': initialization started
00:42:49.154 [http-nio-8080-exec-1] INFO  o.s.web.servlet.DispatcherServlet - FrameworkServlet 'dispatcherServlet': initialization completed in 42 ms
